<?xml version="1.0" encoding="UTF-8"?>
<!-- Generated by org.testng.reporters.JUnitXMLReporter -->
<testsuite ignored="0" hostname="DESKTOP-TTJOHQM" failures="0" tests="5" name="Default test" time="13.317" errors="0" timestamp="2023-09-09T11:25:29 EET">
  <testcase classname="Test_Pages.Order" name="Verify_Login_Page" time="0.016"/>
  <testcase classname="Test_Pages.Order" name="Validate_true_login" time="0.625"/>
  <testcase classname="Test_Pages.Order" name="Validate_add_to_cart" time="0.421"/>
  <testcase classname="Test_Pages.Order" name="Validate_cart_checkout" time="1.339"/>
  <testcase classname="Test_Pages.Order" name="Validate_logout" time="0.503"/>
</testsuite> <!-- Default test -->
