<?xml version="1.0" encoding="UTF-8"?>
<testng-results ignored="0" total="5" passed="5" failed="0" skipped="0">
  <reporter-output>
  </reporter-output>
  <suite started-at="2023-09-09T11:25:15 EET" name="Default suite" finished-at="2023-09-09T11:25:29 EET" duration-ms="13317">
    <groups>
    </groups>
    <test started-at="2023-09-09T11:25:15 EET" name="Default test" finished-at="2023-09-09T11:25:29 EET" duration-ms="13317">
      <class name="Test_Pages.Order">
        <test-method is-config="true" signature="beforetest()[pri:0, instance:Test_Pages.Order@5bf0d49]" started-at="2023-09-09T11:25:15 EET" name="beforetest" finished-at="2023-09-09T11:25:24 EET" duration-ms="8959" status="PASS">
          <reporter-output>
          </reporter-output>
        </test-method> <!-- beforetest -->
        <test-method signature="Verify_Login_Page()[pri:1, instance:Test_Pages.Order@5bf0d49]" started-at="2023-09-09T11:25:24 EET" name="Verify_Login_Page" finished-at="2023-09-09T11:25:24 EET" duration-ms="16" status="PASS">
          <reporter-output>
          </reporter-output>
        </test-method> <!-- Verify_Login_Page -->
        <test-method signature="Validate_true_login()[pri:2, instance:Test_Pages.Order@5bf0d49]" started-at="2023-09-09T11:25:24 EET" name="Validate_true_login" finished-at="2023-09-09T11:25:25 EET" duration-ms="625" status="PASS">
          <reporter-output>
          </reporter-output>
        </test-method> <!-- Validate_true_login -->
        <test-method signature="Validate_add_to_cart()[pri:3, instance:Test_Pages.Order@5bf0d49]" started-at="2023-09-09T11:25:25 EET" name="Validate_add_to_cart" finished-at="2023-09-09T11:25:25 EET" duration-ms="421" status="PASS">
          <reporter-output>
          </reporter-output>
        </test-method> <!-- Validate_add_to_cart -->
        <test-method signature="Validate_cart_checkout()[pri:4, instance:Test_Pages.Order@5bf0d49]" started-at="2023-09-09T11:25:25 EET" name="Validate_cart_checkout" finished-at="2023-09-09T11:25:27 EET" duration-ms="1339" status="PASS">
          <reporter-output>
          </reporter-output>
        </test-method> <!-- Validate_cart_checkout -->
        <test-method signature="Validate_logout()[pri:5, instance:Test_Pages.Order@5bf0d49]" started-at="2023-09-09T11:25:27 EET" name="Validate_logout" finished-at="2023-09-09T11:25:27 EET" duration-ms="503" status="PASS">
          <reporter-output>
          </reporter-output>
        </test-method> <!-- Validate_logout -->
        <test-method is-config="true" signature="aftertest()[pri:0, instance:Test_Pages.Order@5bf0d49]" started-at="2023-09-09T11:25:27 EET" name="aftertest" finished-at="2023-09-09T11:25:29 EET" duration-ms="1350" status="PASS">
          <reporter-output>
          </reporter-output>
        </test-method> <!-- aftertest -->
      </class> <!-- Test_Pages.Order -->
    </test> <!-- Default test -->
  </suite> <!-- Default suite -->
</testng-results>
